# JRE version: Java(TM) SE Runtime Environment (8.0_202-b08) (build 1.8.0_202-b08)
# Java VM: Java HotSpot(TM) 64-Bit Server VM (25.202-b08 mixed mode windows-amd64 compressed oops)
Heap:
 PSYoungGen      total 615424K, used 158420K [0x00000006c0800000, 0x00000006eb100000, 0x00000007c0000000)
  eden space 566272K, 22% used [0x00000006c0800000,0x00000006c85a1440,0x00000006e3100000)
  from space 49152K, 60% used [0x00000006e8100000,0x00000006e9e13db8,0x00000006eb100000)
  to   space 65536K, 0% used [0x00000006e3100000,0x00000006e3100000,0x00000006e7100000)
 ParOldGen       total 574464K, used 90360K [0x00000004c1800000, 0x00000004e4900000, 0x00000006c0800000)
  object space 574464K, 15% used [0x00000004c1800000,0x00000004c703e100,0x00000004e4900000)
 Metaspace       used 45701K, capacity 46331K, committed 46976K, reserved 1089536K
  class space    used 5963K, capacity 6151K, committed 6272K, reserved 1048576K
GC Heap History (10 events):
Event: 10.422 GC heap before
{Heap before GC invocations=8 (full 1):
 PSYoungGen      total 357888K, used 334187K [0x00000006c0800000, 0x00000006da400000, 0x00000007c0000000)
  eden space 297472K, 100% used [0x00000006c0800000,0x00000006d2a80000,0x00000006d2a80000)
  from space 60416K, 60% used [0x00000006d6280000,0x00000006d865ad40,0x00000006d9d80000)
  to   space 57344K, 0% used [0x00000006d2a80000,0x00000006d2a80000,0x00000006d6280000)
 ParOldGen       total 364544K, used 41100K [0x00000004c1800000, 0x00000004d7c00000, 0x00000006c0800000)
  object space 364544K, 11% used [0x00000004c1800000,0x00000004c4023388,0x00000004d7c00000)
 Metaspace       used 32039K, capacity 32542K, committed 33024K, reserved 1077248K
  class space    used 4393K, capacity 4544K, committed 4608K, reserved 1048576K
Event: 10.437 GC heap after
Heap after GC invocations=8 (full 1):
 PSYoungGen      total 354816K, used 51483K [0x00000006c0800000, 0x00000006e4c00000, 0x00000007c0000000)
  eden space 297472K, 0% used [0x00000006c0800000,0x00000006c0800000,0x00000006d2a80000)
  from space 57344K, 89% used [0x00000006d2a80000,0x00000006d5cc6fb8,0x00000006d6280000)
  to   space 61952K, 0% used [0x00000006e0f80000,0x00000006e0f80000,0x00000006e4c00000)
 ParOldGen       total 364544K, used 41108K [0x00000004c1800000, 0x00000004d7c00000, 0x00000006c0800000)
  object space 364544K, 11% used [0x00000004c1800000,0x00000004c4025388,0x00000004d7c00000)
 Metaspace       used 32039K, capacity 32542K, committed 33024K, reserved 1077248K
  class space    used 4393K, capacity 4544K, committed 4608K, reserved 1048576K
}
Event: 11.173 GC heap before
{Heap before GC invocations=9 (full 1):
 PSYoungGen      total 354816K, used 125051K [0x00000006c0800000, 0x00000006e4c00000, 0x00000007c0000000)
  eden space 297472K, 24% used [0x00000006c0800000,0x00000006c4fd7d80,0x00000006d2a80000)
  from space 57344K, 89% used [0x00000006d2a80000,0x00000006d5cc6fb8,0x00000006d6280000)
  to   space 61952K, 0% used [0x00000006e0f80000,0x00000006e0f80000,0x00000006e4c00000)
 ParOldGen       total 364544K, used 41108K [0x00000004c1800000, 0x00000004d7c00000, 0x00000006c0800000)
  object space 364544K, 11% used [0x00000004c1800000,0x00000004c4025388,0x00000004d7c00000)
 Metaspace       used 34576K, capacity 35023K, committed 35496K, reserved 1079296K
  class space    used 4622K, capacity 4787K, committed 4864K, reserved 1048576K
Event: 11.190 GC heap after
Heap after GC invocations=9 (full 1):
 PSYoungGen      total 527872K, used 53064K [0x00000006c0800000, 0x00000006e6980000, 0x00000007c0000000)
  eden space 465920K, 0% used [0x00000006c0800000,0x00000006c0800000,0x00000006dcf00000)
  from space 61952K, 85% used [0x00000006e0f80000,0x00000006e43520f8,0x00000006e4c00000)
  to   space 66048K, 0% used [0x00000006dcf00000,0x00000006dcf00000,0x00000006e0f80000)
 ParOldGen       total 364544K, used 41116K [0x00000004c1800000, 0x00000004d7c00000, 0x00000006c0800000)
  object space 364544K, 11% used [0x00000004c1800000,0x00000004c4027388,0x00000004d7c00000)
 Metaspace       used 34576K, capacity 35023K, committed 35496K, reserved 1079296K
  class space    used 4622K, capacity 4787K, committed 4864K, reserved 1048576K
}
Event: 11.190 GC heap before
{Heap before GC invocations=10 (full 2):
 PSYoungGen      total 527872K, used 53064K [0x00000006c0800000, 0x00000006e6980000, 0x00000007c0000000)
  eden space 465920K, 0% used [0x00000006c0800000,0x00000006c0800000,0x00000006dcf00000)
  from space 61952K, 85% used [0x00000006e0f80000,0x00000006e43520f8,0x00000006e4c00000)
  to   space 66048K, 0% used [0x00000006dcf00000,0x00000006dcf00000,0x00000006e0f80000)
 ParOldGen       total 364544K, used 41116K [0x00000004c1800000, 0x00000004d7c00000, 0x00000006c0800000)
  object space 364544K, 11% used [0x00000004c1800000,0x00000004c4027388,0x00000004d7c00000)
 Metaspace       used 34576K, capacity 35023K, committed 35496K, reserved 1079296K
  class space    used 4622K, capacity 4787K, committed 4864K, reserved 1048576K
Event: 11.311 GC heap after
Heap after GC invocations=10 (full 2):
 PSYoungGen      total 527872K, used 0K [0x00000006c0800000, 0x00000006e6980000, 0x00000007c0000000)
  eden space 465920K, 0% used [0x00000006c0800000,0x00000006c0800000,0x00000006dcf00000)
  from space 61952K, 0% used [0x00000006e0f80000,0x00000006e0f80000,0x00000006e4c00000)
  to   space 66048K, 0% used [0x00000006dcf00000,0x00000006dcf00000,0x00000006e0f80000)
 ParOldGen       total 574464K, used 90344K [0x00000004c1800000, 0x00000004e4900000, 0x00000006c0800000)
  object space 574464K, 15% used [0x00000004c1800000,0x00000004c703a100,0x00000004e4900000)
 Metaspace       used 34576K, capacity 35023K, committed 35496K, reserved 1079296K
  class space    used 4622K, capacity 4787K, committed 4864K, reserved 1048576K
}
Event: 14.160 GC heap before
{Heap before GC invocations=11 (full 2):
 PSYoungGen      total 527872K, used 465920K [0x00000006c0800000, 0x00000006e6980000, 0x00000007c0000000)
  eden space 465920K, 100% used [0x00000006c0800000,0x00000006dcf00000,0x00000006dcf00000)
  from space 61952K, 0% used [0x00000006e0f80000,0x00000006e0f80000,0x00000006e4c00000)
  to   space 66048K, 0% used [0x00000006dcf00000,0x00000006dcf00000,0x00000006e0f80000)
 ParOldGen       total 574464K, used 90344K [0x00000004c1800000, 0x00000004e4900000, 0x00000006c0800000)
  object space 574464K, 15% used [0x00000004c1800000,0x00000004c703a100,0x00000004e4900000)
 Metaspace       used 38143K, capacity 38655K, committed 39296K, reserved 1083392K
  class space    used 5063K, capacity 5231K, committed 5248K, reserved 1048576K
Event: 14.184 GC heap after
Heap after GC invocations=11 (full 2):
 PSYoungGen      total 531968K, used 48081K [0x00000006c0800000, 0x00000006ec200000, 0x00000007c0000000)
  eden space 465920K, 0% used [0x00000006c0800000,0x00000006c0800000,0x00000006dcf00000)
  from space 66048K, 72% used [0x00000006dcf00000,0x00000006dfdf4488,0x00000006e0f80000)
  to   space 66560K, 0% used [0x00000006e8100000,0x00000006e8100000,0x00000006ec200000)
 ParOldGen       total 574464K, used 90352K [0x00000004c1800000, 0x00000004e4900000, 0x00000006c0800000)
  object space 574464K, 15% used [0x00000004c1800000,0x00000004c703c100,0x00000004e4900000)
 Metaspace       used 38143K, capacity 38655K, committed 39296K, reserved 1083392K
  class space    used 5063K, capacity 5231K, committed 5248K, reserved 1048576K
}
Event: 20.125 GC heap before
{Heap before GC invocations=12 (full 2):
 PSYoungGen      total 531968K, used 514001K [0x00000006c0800000, 0x00000006ec200000, 0x00000007c0000000)
  eden space 465920K, 100% used [0x00000006c0800000,0x00000006dcf00000,0x00000006dcf00000)
  from space 66048K, 72% used [0x00000006dcf00000,0x00000006dfdf4488,0x00000006e0f80000)
  to   space 66560K, 0% used [0x00000006e8100000,0x00000006e8100000,0x00000006ec200000)
 ParOldGen       total 574464K, used 90352K [0x00000004c1800000, 0x00000004e4900000, 0x00000006c0800000)
  object space 574464K, 15% used [0x00000004c1800000,0x00000004c703c100,0x00000004e4900000)
 Metaspace       used 44841K, capacity 45529K, committed 46080K, reserved 1089536K
  class space    used 5868K, capacity 6078K, committed 6144K, reserved 1048576K
Event: 20.137 GC heap after
Heap after GC invocations=12 (full 2):
 PSYoungGen      total 615424K, used 29775K [0x00000006c0800000, 0x00000006eb100000, 0x00000007c0000000)
  eden space 566272K, 0% used [0x00000006c0800000,0x00000006c0800000,0x00000006e3100000)
  from space 49152K, 60% used [0x00000006e8100000,0x00000006e9e13db8,0x00000006eb100000)
  to   space 65536K, 0% used [0x00000006e3100000,0x00000006e3100000,0x00000006e7100000)
 ParOldGen       total 574464K, used 90360K [0x00000004c1800000, 0x00000004e4900000, 0x00000006c0800000)
  object space 574464K, 15% used [0x00000004c1800000,0x00000004c703e100,0x00000004e4900000)
 Metaspace       used 44841K, capacity 45529K, committed 46080K, reserved 1089536K
  class space    used 5868K, capacity 6078K, committed 6144K, reserved 1048576K
}

